[2022-10-13 12:59:27 INFO]: install::setup-logging ended
================
[2022-10-13 12:59:27 INFO]: install::start-up started
[2022-10-13 12:59:27 INFO]: install::start-up build image
[2022-10-13 12:59:27 INFO]: install::start-up running image
[2022-10-13 12:59:27 INFO]: install::start-up ended
================
[2022-10-13 13:21:59 INFO]: install::root-check started
[2022-10-13 13:21:59 INFO]: install::root-check ended
================
[2022-10-13 13:21:59 INFO]: install::docker-check started
[2022-10-13 13:21:59 INFO]: install::docker-check ended
================
[2022-10-13 13:21:59 INFO]: install::docker-compose-check started
[2022-10-13 13:21:59 INFO]: install::docker-compose-check ended
================
[2022-10-13 13:21:59 INFO]: install::tear-down started
[2022-10-13 13:21:59 INFO]: install::tear-down stoping services
[2022-10-13 13:21:59 INFO]: install::tear-down ended
================
[2022-10-13 10:59:29 INFO]: install::start-up running image
[2022-10-13 10:59:29 INFO]: install::start-up ended
================
